<?xml version="1.0" encoding="UTF-8" standalone="no"?><testsuite errors="0" failures="1" name="Get All Books" skipped="0" tests="5" time="19.78" timestamp="2025-01-03 02:27:42"><testcase name="Unauthorized user tries to get all books"/><testcase name="Users retrieves a list of books when at least one book is in database"/><testcase name="Users retrieves an empty response when no books in database"><failure message="1 expectation failed.&#10;JSON path  doesn't match.&#10;Expected: an empty collection&#10;  Actual: &lt;[{id=1, title=the gambler 4, author=Fyodar 4}, {id=2, title=, author=}, {id=3, title=cucumber, author=jane}, {id=4, title=The Silent Patient, author=Alex Michaelides}, {id=5, title=null, author=Fyodar Dhosteyoski}]&gt;&#10;" type="java.lang.AssertionError">1 expectation failed.
JSON path  doesn't match.
Expected: an empty collection
  Actual: &lt;[{id=1, title=the gambler 4, author=Fyodar 4}, {id=2, title=, author=}, {id=3, title=cucumber, author=jane}, {id=4, title=The Silent Patient, author=Alex Michaelides}, {id=5, title=null, author=Fyodar Dhosteyoski}]&gt;
</failure><system-err>1 expectation failed.
JSON path  doesn't match.
Expected: an empty collection
  Actual: &lt;[{id=1, title=the gambler 4, author=Fyodar 4}, {id=2, title=, author=}, {id=3, title=cucumber, author=jane}, {id=4, title=The Silent Patient, author=Alex Michaelides}, {id=5, title=null, author=Fyodar Dhosteyoski}]&gt;
&#13;
io.restassured.internal.ResponseSpecificationImpl.validateResponseIfRequired(ResponseSpecificationImpl.groovy:696)&#13;
io.restassured.internal.ResponseSpecificationImpl.this$2$validateResponseIfRequired(ResponseSpecificationImpl.groovy)&#13;
io.restassured.internal.ResponseSpecificationImpl.body(ResponseSpecificationImpl.groovy:270)&#13;
io.restassured.internal.ResponseSpecificationImpl.body(ResponseSpecificationImpl.groovy:117)&#13;
io.restassured.internal.ValidatableResponseOptionsImpl.body(ValidatableResponseOptionsImpl.java:244)&#13;
clients.BookApiClient.checkResponseReturnedEmptyList(BookApiClient.java:88)&#13;
tests.GetAllBooksApiActions.theResponseShouldContainAnEmptyArray(GetAllBooksApiActions.java:19)&#13;
✽.the response should be empty(classpath:features/GetAllBooks.feature:13)&#13;
</system-err></testcase></testsuite>