<?xml version="1.0" encoding="UTF-8" standalone="no"?><testsuite errors="0" failures="6" name="Create a Book" skipped="0" tests="9" time="12.29" timestamp="2025-01-03 02:27:42"><testcase name="Create a duplicate book"/><testcase name="Attempt to create a book with empty title and author fields"><failure message="1 expectation failed.&#10;Expected status code &lt;400&gt; but was &lt;201&gt;.&#10;" type="java.lang.AssertionError">1 expectation failed.
Expected status code &lt;400&gt; but was &lt;201&gt;.
</failure><system-err>1 expectation failed.
Expected status code &lt;400&gt; but was &lt;201&gt;.
&#13;
io.restassured.internal.ResponseSpecificationImpl.validateResponseIfRequired(ResponseSpecificationImpl.groovy:696)&#13;
io.restassured.internal.ResponseSpecificationImpl.this$2$validateResponseIfRequired(ResponseSpecificationImpl.groovy)&#13;
io.restassured.internal.ResponseSpecificationImpl.statusCode(ResponseSpecificationImpl.groovy:135)&#13;
io.restassured.internal.ResponseSpecificationImpl.statusCode(ResponseSpecificationImpl.groovy:143)&#13;
io.restassured.internal.ValidatableResponseOptionsImpl.statusCode(ValidatableResponseOptionsImpl.java:89)&#13;
clients.BookApiClient.verifyStatusCode(BookApiClient.java:38)&#13;
tests.BaseBookApiActions.theResponseStatusCodeShouldBe(BaseBookApiActions.java:24)&#13;
✽.the response status code should be 400(classpath:features/CreateBook.feature:6)&#13;
</system-err></testcase><testcase name="Attempt to create a book for User"/><testcase name="Create a book with missing values title"><failure message="1 expectation failed.&#10;Expected status code &lt;400&gt; but was &lt;201&gt;.&#10;" type="java.lang.AssertionError">1 expectation failed.
Expected status code &lt;400&gt; but was &lt;201&gt;.
</failure><system-err>1 expectation failed.
Expected status code &lt;400&gt; but was &lt;201&gt;.
&#13;
io.restassured.internal.ResponseSpecificationImpl.validateResponseIfRequired(ResponseSpecificationImpl.groovy:696)&#13;
io.restassured.internal.ResponseSpecificationImpl.this$2$validateResponseIfRequired(ResponseSpecificationImpl.groovy)&#13;
io.restassured.internal.ResponseSpecificationImpl.statusCode(ResponseSpecificationImpl.groovy:135)&#13;
io.restassured.internal.ResponseSpecificationImpl.statusCode(ResponseSpecificationImpl.groovy:143)&#13;
io.restassured.internal.ValidatableResponseOptionsImpl.statusCode(ValidatableResponseOptionsImpl.java:89)&#13;
clients.BookApiClient.verifyStatusCode(BookApiClient.java:38)&#13;
tests.CreateBookApiActions.user_gets_code(CreateBookApiActions.java:56)&#13;
✽.user gets 400 code(classpath:features/CreateBook.feature:45)&#13;
</system-err></testcase><testcase name="Create a book with missing values author"><failure message="1 expectation failed.&#10;Expected status code &lt;400&gt; but was &lt;201&gt;.&#10;" type="java.lang.AssertionError">1 expectation failed.
Expected status code &lt;400&gt; but was &lt;201&gt;.
</failure><system-err>1 expectation failed.
Expected status code &lt;400&gt; but was &lt;201&gt;.
&#13;
io.restassured.internal.ResponseSpecificationImpl.validateResponseIfRequired(ResponseSpecificationImpl.groovy:696)&#13;
io.restassured.internal.ResponseSpecificationImpl.this$2$validateResponseIfRequired(ResponseSpecificationImpl.groovy)&#13;
io.restassured.internal.ResponseSpecificationImpl.statusCode(ResponseSpecificationImpl.groovy:135)&#13;
io.restassured.internal.ResponseSpecificationImpl.statusCode(ResponseSpecificationImpl.groovy:143)&#13;
io.restassured.internal.ValidatableResponseOptionsImpl.statusCode(ValidatableResponseOptionsImpl.java:89)&#13;
clients.BookApiClient.verifyStatusCode(BookApiClient.java:38)&#13;
tests.CreateBookApiActions.user_gets_code(CreateBookApiActions.java:56)&#13;
✽.user gets 400 code(classpath:features/CreateBook.feature:40)&#13;
</system-err></testcase><testcase name="Create book correctly with given Id"><failure message="1 expectation failed.&#10;JSON path id doesn't match.&#10;Expected: &lt;14&gt;&#10;  Actual: &lt;8&gt;&#10;" type="java.lang.AssertionError">1 expectation failed.
JSON path id doesn't match.
Expected: &lt;14&gt;
  Actual: &lt;8&gt;
</failure><system-err>1 expectation failed.
JSON path id doesn't match.
Expected: &lt;14&gt;
  Actual: &lt;8&gt;
&#13;
io.restassured.internal.ResponseSpecificationImpl.validateResponseIfRequired(ResponseSpecificationImpl.groovy:696)&#13;
io.restassured.internal.ResponseSpecificationImpl.this$2$validateResponseIfRequired(ResponseSpecificationImpl.groovy)&#13;
io.restassured.internal.ResponseSpecificationImpl.body(ResponseSpecificationImpl.groovy:270)&#13;
io.restassured.internal.ResponseSpecificationImpl.body(ResponseSpecificationImpl.groovy:117)&#13;
io.restassured.internal.ValidatableResponseOptionsImpl.body(ValidatableResponseOptionsImpl.java:244)&#13;
clients.BookApiClient.checkResponseBook(BookApiClient.java:75)&#13;
tests.CreateBookApiActions.user_gets_the_book_as_response(CreateBookApiActions.java:46)&#13;
✽.user gets the book with title "the gambler 2" and author "Fyodar 2" and id 14 as response(classpath:features/CreateBook.feature:35)&#13;
</system-err></testcase><testcase name="Create book correctly"/><testcase name="Invalid data type for author in the payload"><failure message="1 expectation failed.&#10;Expected status code &lt;400&gt; but was &lt;201&gt;.&#10;" type="java.lang.AssertionError">1 expectation failed.
Expected status code &lt;400&gt; but was &lt;201&gt;.
</failure><system-err>1 expectation failed.
Expected status code &lt;400&gt; but was &lt;201&gt;.
&#13;
io.restassured.internal.ResponseSpecificationImpl.validateResponseIfRequired(ResponseSpecificationImpl.groovy:696)&#13;
io.restassured.internal.ResponseSpecificationImpl.this$2$validateResponseIfRequired(ResponseSpecificationImpl.groovy)&#13;
io.restassured.internal.ResponseSpecificationImpl.statusCode(ResponseSpecificationImpl.groovy:135)&#13;
io.restassured.internal.ResponseSpecificationImpl.statusCode(ResponseSpecificationImpl.groovy:143)&#13;
io.restassured.internal.ValidatableResponseOptionsImpl.statusCode(ValidatableResponseOptionsImpl.java:89)&#13;
clients.BookApiClient.verifyStatusCode(BookApiClient.java:38)&#13;
tests.BaseBookApiActions.theResponseStatusCodeShouldBe(BaseBookApiActions.java:24)&#13;
✽.the response status code should be 400(classpath:features/CreateBook.feature:23)&#13;
</system-err></testcase><testcase name="Invalid data type for title in the payload"><failure message="1 expectation failed.&#10;Expected status code &lt;400&gt; but was &lt;201&gt;.&#10;" type="java.lang.AssertionError">1 expectation failed.
Expected status code &lt;400&gt; but was &lt;201&gt;.
</failure><system-err>1 expectation failed.
Expected status code &lt;400&gt; but was &lt;201&gt;.
&#13;
io.restassured.internal.ResponseSpecificationImpl.validateResponseIfRequired(ResponseSpecificationImpl.groovy:696)&#13;
io.restassured.internal.ResponseSpecificationImpl.this$2$validateResponseIfRequired(ResponseSpecificationImpl.groovy)&#13;
io.restassured.internal.ResponseSpecificationImpl.statusCode(ResponseSpecificationImpl.groovy:135)&#13;
io.restassured.internal.ResponseSpecificationImpl.statusCode(ResponseSpecificationImpl.groovy:143)&#13;
io.restassured.internal.ValidatableResponseOptionsImpl.statusCode(ValidatableResponseOptionsImpl.java:89)&#13;
clients.BookApiClient.verifyStatusCode(BookApiClient.java:38)&#13;
tests.BaseBookApiActions.theResponseStatusCodeShouldBe(BaseBookApiActions.java:24)&#13;
✽.the response status code should be 400(classpath:features/CreateBook.feature:18)&#13;
</system-err></testcase></testsuite>